<?xml version="1.0" encoding="UTF-8"?>
<!-- Generated by org.testng.reporters.JUnitXMLReporter -->
<testsuite hostname="DESKTOP-S8JFPLM" ignored="3" name="TestNG_Practice" tests="2" failures="0" timestamp="22 Apr 2020 12:51:04 GMT" time="0.063" errors="0">
  <testcase name="beforeClass" time="0.01" classname="maven.mavenproject.TestGroups"/>
  <testcase name="beforeTest" time="0.008" classname="maven.mavenproject.TestGroups"/>
  <testcase name="testCase2" time="0.0" classname="maven.mavenproject.TestGroups">
    <ignored/>
  </testcase> <!-- testCase2 -->
  <testcase name="testCase3" time="0.0" classname="maven.mavenproject.TestGroups">
    <ignored/>
  </testcase> <!-- testCase3 -->
  <testcase name="testCase1" time="0.0" classname="maven.mavenproject.TestGroups">
    <ignored/>
  </testcase> <!-- testCase1 -->
</testsuite> <!-- TestNG_Practice -->
