<?xml version="1.0" encoding="UTF-8"?>
<testng-results skipped="0" failed="0" ignored="0" total="1" passed="1">
  <reporter-output>
  </reporter-output>
  <suite name="Default suite" duration-ms="55846" started-at="2020-04-24T10:56:42Z" finished-at="2020-04-24T10:57:38Z">
    <groups>
    </groups>
    <test name="Default test" duration-ms="55846" started-at="2020-04-24T10:56:42Z" finished-at="2020-04-24T10:57:38Z">
      <class name="MercuryTours.Test1">
        <test-method status="PASS" signature="login()[pri:0, instance:MercuryTours.Test1@192d3247]" name="login" duration-ms="45698" started-at="2020-04-24T10:56:42Z" finished-at="2020-04-24T10:57:28Z">
          <reporter-output>
          </reporter-output>
        </test-method> <!-- login -->
        <test-method status="PASS" signature="radiobutton()[pri:0, instance:MercuryTours.Test1@192d3247]" name="radiobutton" is-config="true" duration-ms="10091" started-at="2020-04-24T10:57:28Z" finished-at="2020-04-24T10:57:38Z">
          <reporter-output>
          </reporter-output>
        </test-method> <!-- radiobutton -->
      </class> <!-- MercuryTours.Test1 -->
    </test> <!-- Default test -->
  </suite> <!-- Default suite -->
</testng-results>
